This is pdfTeX, Version 3.14159265-2.6-1.40.21 (MiKTeX 20.6.29) (preloaded format=pdflatex 2020.7.11)  12 JUL 2020 11:45
entering extended mode
**"C:/Users/Virginia Aquino/Documents/GitHub/InformeLab01_PruebasUnitarias/Info
rmeLaboratorio04.tex"

("C:/Users/Virginia Aquino/Documents/GitHub/InformeLab01_PruebasUnitarias/Infor
meLaboratorio04.tex"
LaTeX2e <2020-02-02> patch level 5
L3 programming layer <2020-06-18>
("C:\Users\Virginia Aquino\AppData\Local\Programs\MiKTeX\tex/latex/base\article
.cls"
Document Class: article 2019/12/20 v1.4l Standard LaTeX document class

("C:\Users\Virginia Aquino\AppData\Local\Programs\MiKTeX\tex/latex/base\size12.
clo"
File: size12.clo 2019/12/20 v1.4l Standard LaTeX file (size option)
)
\c@part=\count167
\c@section=\count168
\c@subsection=\count169
\c@subsubsection=\count170
\c@paragraph=\count171
\c@subparagraph=\count172
\c@figure=\count173
\c@table=\count174
\abovecaptionskip=\skip47
\belowcaptionskip=\skip48
\bibindent=\dimen134
)
("C:\Users\Virginia Aquino\AppData\Local\Programs\MiKTeX\tex/latex/base\inputen
c.sty"
Package: inputenc 2018/08/11 v1.3c Input encoding file
\inpenc@prehook=\toks15
\inpenc@posthook=\toks16
)
("C:\Users\Virginia Aquino\AppData\Local\Programs\MiKTeX\tex/generic/babel\babe
l.sty"
Package: babel 2020/06/10 3.45 The Babel package

("C:\Users\Virginia Aquino\AppData\Local\Programs\MiKTeX\tex/generic/babel\babe
l.def"
File: babel.def 2020/06/10 3.45 Babel common definitions
\babel@savecnt=\count175
\U@D=\dimen135
\l@babelnohyphens=\language79

("C:\Users\Virginia Aquino\AppData\Local\Programs\MiKTeX\tex/generic/babel\txtb
abel.def")
\bbl@readstream=\read2
)
\bbl@dirlevel=\count176

*************************************
* Local config file bblopts.cfg used
*

("C:\Users\Virginia Aquino\AppData\Local\Programs\MiKTeX\tex/latex/arabi\bblopt
s.cfg"
File: bblopts.cfg 2005/09/08 v0.1 add Arabic and Farsi to "declared" options of
 babel
)
("C:\Users\Virginia Aquino\AppData\Local\Programs\MiKTeX\tex/latex/babel-spanis
h\spanish.ldf"
Language: spanish.ldf 2016/03/03 v5.0p Spanish support from the babel system
\es@quottoks=\toks17
\es@quotdepth=\count177
Package babel Info: Making " an active character on input line 561.
Package babel Info: Making . an active character on input line 662.
Package babel Info: Making < an active character on input line 707.
Package babel Info: Making > an active character on input line 707.
))
("C:\Users\Virginia Aquino\AppData\Local\Programs\MiKTeX\tex/latex/graphics\gra
phicx.sty"
Package: graphicx 2019/11/30 v1.2a Enhanced LaTeX Graphics (DPC,SPQR)

("C:\Users\Virginia Aquino\AppData\Local\Programs\MiKTeX\tex/latex/graphics\key
val.sty"
Package: keyval 2014/10/28 v1.15 key=value parser (DPC)
\KV@toks@=\toks18
)
("C:\Users\Virginia Aquino\AppData\Local\Programs\MiKTeX\tex/latex/graphics\gra
phics.sty"
Package: graphics 2019/11/30 v1.4a Standard LaTeX Graphics (DPC,SPQR)

("C:\Users\Virginia Aquino\AppData\Local\Programs\MiKTeX\tex/latex/graphics\tri
g.sty"
Package: trig 2016/01/03 v1.10 sin cos tan (DPC)
)
("C:\Users\Virginia Aquino\AppData\Local\Programs\MiKTeX\tex/latex/graphics-cfg
\graphics.cfg"
File: graphics.cfg 2016/06/04 v1.11 sample graphics configuration
)
Package graphics Info: Driver file: pdftex.def on input line 105.

("C:\Users\Virginia Aquino\AppData\Local\Programs\MiKTeX\tex/latex/graphics-def
\pdftex.def"
File: pdftex.def 2018/01/08 v1.0l Graphics/color driver for pdftex
))
\Gin@req@height=\dimen136
\Gin@req@width=\dimen137
)
("C:\Users\Virginia Aquino\AppData\Local\Programs\MiKTeX\tex/latex/geometry\geo
metry.sty"
Package: geometry 2020/01/02 v5.9 Page Geometry

("C:\Users\Virginia Aquino\AppData\Local\Programs\MiKTeX\tex/generic/iftex\ifvt
ex.sty"
Package: ifvtex 2019/10/25 v1.7 ifvtex legacy package. Use iftex instead.

("C:\Users\Virginia Aquino\AppData\Local\Programs\MiKTeX\tex/generic/iftex\ifte
x.sty"
Package: iftex 2020/03/06 v1.0d TeX engine tests
))
\Gm@cnth=\count178
\Gm@cntv=\count179
\c@Gm@tempcnt=\count180
\Gm@bindingoffset=\dimen138
\Gm@wd@mp=\dimen139
\Gm@odd@mp=\dimen140
\Gm@even@mp=\dimen141
\Gm@layoutwidth=\dimen142
\Gm@layoutheight=\dimen143
\Gm@layouthoffset=\dimen144
\Gm@layoutvoffset=\dimen145
\Gm@dimlist=\toks19

("C:\Users\Virginia Aquino\AppData\Local\Programs\MiKTeX\tex/latex/geometry\geo
metry.cfg"))
("C:\Users\Virginia Aquino\AppData\Local\Programs\MiKTeX\tex/latex/float\float.
sty"
Package: float 2001/11/08 v1.3d Float enhancements (AL)
\c@float@type=\count181
\float@exts=\toks20
\float@box=\box45
\@float@everytoks=\toks21
\@floatcapt=\box46
)
("C:\Users\Virginia Aquino\AppData\Local\Programs\MiKTeX\tex/latex/amsmath\amsm
ath.sty"
Package: amsmath 2020/01/20 v2.17e AMS math features
\@mathmargin=\skip49

For additional information on amsmath, use the `?' option.

("C:\Users\Virginia Aquino\AppData\Local\Programs\MiKTeX\tex/latex/amsmath\amst
ext.sty"
Package: amstext 2000/06/29 v2.01 AMS text

("C:\Users\Virginia Aquino\AppData\Local\Programs\MiKTeX\tex/latex/amsmath\amsg
en.sty"
File: amsgen.sty 1999/11/30 v2.0 generic functions
\@emptytoks=\toks22
\ex@=\dimen146
))
("C:\Users\Virginia Aquino\AppData\Local\Programs\MiKTeX\tex/latex/amsmath\amsb
sy.sty"
Package: amsbsy 1999/11/29 v1.2d Bold Symbols
\pmbraise@=\dimen147
)
("C:\Users\Virginia Aquino\AppData\Local\Programs\MiKTeX\tex/latex/amsmath\amso
pn.sty"
Package: amsopn 2016/03/08 v2.02 operator names
)
\inf@bad=\count182
LaTeX Info: Redefining \frac on input line 227.
\uproot@=\count183
\leftroot@=\count184
LaTeX Info: Redefining \overline on input line 389.
\classnum@=\count185
\DOTSCASE@=\count186
LaTeX Info: Redefining \ldots on input line 486.
LaTeX Info: Redefining \dots on input line 489.
LaTeX Info: Redefining \cdots on input line 610.
\Mathstrutbox@=\box47
\strutbox@=\box48
\big@size=\dimen148
LaTeX Font Info:    Redeclaring font encoding OML on input line 733.
LaTeX Font Info:    Redeclaring font encoding OMS on input line 734.
\macc@depth=\count187
\c@MaxMatrixCols=\count188
\dotsspace@=\muskip16
\c@parentequation=\count189
\dspbrk@lvl=\count190
\tag@help=\toks23
\row@=\count191
\column@=\count192
\maxfields@=\count193
\andhelp@=\toks24
\eqnshift@=\dimen149
\alignsep@=\dimen150
\tagshift@=\dimen151
\tagwidth@=\dimen152
\totwidth@=\dimen153
\lineht@=\dimen154
\@envbody=\toks25
\multlinegap=\skip50
\multlinetaggap=\skip51
\mathdisplay@stack=\toks26
LaTeX Info: Redefining \[ on input line 2859.
LaTeX Info: Redefining \] on input line 2860.
)
("C:\Users\Virginia Aquino\AppData\Local\Programs\MiKTeX\tex/latex/oberdiek\sta
ckrel.sty"
Package: stackrel 2016/05/16 v1.3 Adding subscript option to stackrel (HO)

("C:\Users\Virginia Aquino\AppData\Local\Programs\MiKTeX\tex/generic/etexcmds\e
texcmds.sty"
Package: etexcmds 2019/12/15 v1.7 Avoid name clashes with e-TeX commands (HO)

("C:\Users\Virginia Aquino\AppData\Local\Programs\MiKTeX\tex/generic/infwarerr\
infwarerr.sty"
Package: infwarerr 2019/12/03 v1.5 Providing info/warning/error messages (HO)
))
("C:\Users\Virginia Aquino\AppData\Local\Programs\MiKTeX\tex/generic/pdftexcmds
\pdftexcmds.sty"
Package: pdftexcmds 2020-06-27 v0.33 Utility functions of pdfTeX for LuaTeX (HO
)

("C:\Users\Virginia Aquino\AppData\Local\Programs\MiKTeX\tex/generic/ltxcmds\lt
xcmds.sty"
Package: ltxcmds 2019/12/15 v1.24 LaTeX kernel commands for general use (HO)
)
Package pdftexcmds Info: \pdf@primitive is available.
Package pdftexcmds Info: \pdf@ifprimitive is available.
Package pdftexcmds Info: \pdfdraftmode found.
))
("C:\Users\Virginia Aquino\AppData\Local\Programs\MiKTeX\tex/latex/multirow\mul
tirow.sty"
Package: multirow 2019/05/31 v2.5 Span multiple rows of a table
\multirow@colwidth=\skip52
\multirow@cntb=\count194
\multirow@dima=\skip53
\bigstrutjot=\dimen155
)
("C:\Users\Virginia Aquino\AppData\Local\Programs\MiKTeX\tex/latex/tools\enumer
ate.sty"
Package: enumerate 2015/07/23 v3.00 enumerate extensions (DPC)
\@enLab=\toks27
)
("C:\Users\Virginia Aquino\AppData\Local\Programs\MiKTeX\tex/latex/l3backend\l3
backend-pdfmode.def"
File: l3backend-pdfmode.def 2020-06-29 L3 backend support: PDF mode
\l__kernel_color_stack_int=\count195
\l__pdf_internal_box=\box49
)
No file InformeLaboratorio04.aux.
\openout1 = `InformeLaboratorio04.aux'.

LaTeX Font Info:    Checking defaults for OML/cmm/m/it on input line 18.
LaTeX Font Info:    ... okay on input line 18.
LaTeX Font Info:    Checking defaults for OMS/cmsy/m/n on input line 18.
LaTeX Font Info:    ... okay on input line 18.
LaTeX Font Info:    Checking defaults for OT1/cmr/m/n on input line 18.
LaTeX Font Info:    ... okay on input line 18.
LaTeX Font Info:    Checking defaults for T1/cmr/m/n on input line 18.
LaTeX Font Info:    ... okay on input line 18.
LaTeX Font Info:    Checking defaults for TS1/cmr/m/n on input line 18.
LaTeX Font Info:    ... okay on input line 18.
LaTeX Font Info:    Checking defaults for OMX/cmex/m/n on input line 18.
LaTeX Font Info:    ... okay on input line 18.
LaTeX Font Info:    Checking defaults for U/cmr/m/n on input line 18.
LaTeX Font Info:    ... okay on input line 18.
LaTeX Info: Redefining \. on input line 18.
LaTeX Info: Redefining \% on input line 18.

("C:\Users\Virginia Aquino\AppData\Local\Programs\MiKTeX\tex/context/base/mkii\
supp-pdf.mkii"
[Loading MPS to PDF converter (version 2006.09.02).]
\scratchcounter=\count196
\scratchdimen=\dimen156
\scratchbox=\box50
\nofMPsegments=\count197
\nofMParguments=\count198
\everyMPshowfont=\toks28
\MPscratchCnt=\count199
\MPscratchDim=\dimen157
\MPnumerator=\count266
\makeMPintoPDFobject=\count267
\everyMPtoPDFconversion=\toks29
)
("C:\Users\Virginia Aquino\AppData\Local\Programs\MiKTeX\tex/latex/epstopdf-pkg
\epstopdf-base.sty"
Package: epstopdf-base 2020-01-24 v2.11 Base part for package epstopdf
Package epstopdf-base Info: Redefining graphics rule for `.eps' on input line 4
85.
)
*geometry* driver: auto-detecting
*geometry* detected driver: pdftex
*geometry* verbose mode - [ preamble ] result:
* driver: pdftex
* paper: letterpaper
* layout: <same size as paper>
* layoutoffset:(h,v)=(0.0pt,0.0pt)
* modes: 
* h-part:(L,W,R)=(56.9055pt, 500.484pt, 56.9055pt)
* v-part:(T,H,B)=(56.9055pt, 681.15898pt, 56.9055pt)
* \paperwidth=614.295pt
* \paperheight=794.96999pt
* \textwidth=500.484pt
* \textheight=681.15898pt
* \oddsidemargin=-15.36449pt
* \evensidemargin=-15.36449pt
* \topmargin=-52.36449pt
* \headheight=12.0pt
* \headsep=25.0pt
* \topskip=12.0pt
* \footskip=30.0pt
* \marginparwidth=44.0pt
* \marginparsep=10.0pt
* \columnsep=10.0pt
* \skip\footins=10.8pt plus 4.0pt minus 2.0pt
* \hoffset=0.0pt
* \voffset=0.0pt
* \mag=1000
* \@twocolumnfalse
* \@twosidefalse
* \@mparswitchfalse
* \@reversemarginfalse
* (1in=72.27pt=25.4mm, 1cm=28.453pt)

<./images/logo.jpg, id=1, 401.5pt x 269.005pt>
File: ./images/logo.jpg Graphic file (type jpg)
<use ./images/logo.jpg>
Package pdftex.def Info: ./images/logo.jpg  used on input line 38.
(pdftex.def)             Requested size: 199.16928pt x 133.44725pt.
[1

{C:/Users/Virginia Aquino/AppData/Local/MiKTeX/pdftex/config/pdftex.map} <C:/Us
ers/Virginia Aquino/Documents/GitHub/InformeLab01_PruebasUnitarias/images/logo.
jpg>]
No file InformeLaboratorio04.toc.
\tf@toc=\write3
\openout3 = `InformeLaboratorio04.toc'.

[1]
\openout2 = `sections/Task01.aux'.


("C:/Users/Virginia Aquino/Documents/GitHub/InformeLab01_PruebasUnitarias\secti
ons/Task01.tex"
<images/1.png, id=11, 701.62125pt x 171.64125pt>
File: images/1.png Graphic file (type png)
<use images/1.png>
Package pdftex.def Info: images/1.png  used on input line 6.
(pdftex.def)             Requested size: 500.484pt x 122.43968pt.

Overfull \hbox (29.3747pt too wide) in paragraph at lines 6--7
 []  
 []

<images/2.png, id=13, 729.47531pt x 215.30438pt>
File: images/2.png Graphic file (type png)
<use images/2.png>
Package pdftex.def Info: images/2.png  used on input line 12.
(pdftex.def)             Requested size: 500.484pt x 147.71585pt.
<images/001.png, id=14, 1018.55531pt x 323.70938pt>
File: images/001.png Graphic file (type png)
<use images/001.png>
Package pdftex.def Info: images/001.png  used on input line 13.
(pdftex.def)             Requested size: 500.484pt x 159.05858pt.

Overfull \hbox (29.3747pt too wide) in paragraph at lines 12--14
 []  
 []


Overfull \hbox (29.3747pt too wide) in paragraph at lines 12--14
 []  
 []

<images/3.png, id=15, 246.1697pt x 124.96687pt>
File: images/3.png Graphic file (type png)
<use images/3.png>
Package pdftex.def Info: images/3.png  used on input line 18.
(pdftex.def)             Requested size: 500.484pt x 254.0805pt.

Overfull \hbox (29.3747pt too wide) in paragraph at lines 18--19
 []  
 []

[1

 <C:/Users/Virginia Aquino/Documents/GitHub/InformeLab01_PruebasUnitarias/image
s/1.png> <C:/Users/Virginia Aquino/Documents/GitHub/InformeLab01_PruebasUnitari
as/images/2.png> <C:/Users/Virginia Aquino/Documents/GitHub/InformeLab01_Prueba
sUnitarias/images/001.png>]
<images/4.png, id=23, 328.22626pt x 271.76532pt>
File: images/4.png Graphic file (type png)
<use images/4.png>
Package pdftex.def Info: images/4.png  used on input line 23.
(pdftex.def)             Requested size: 500.484pt x 414.39795pt.

Overfull \hbox (29.3747pt too wide) in paragraph at lines 23--24
 []  
 []

[2 <C:/Users/Virginia Aquino/Documents/GitHub/InformeLab01_PruebasUnitarias/ima
ges/3.png>]
Runaway argument?
{images/5c\newline \end {center} \item Ejecute la prueba unitaria \end \ETC.
! Paragraph ended before \Gin@ii was complete.
<to be read again> 
                   \par 
l.33 
     
? 
) [3 <C:/Users/Virginia Aquino/Documents/GitHub/InformeLab01_PruebasUnitarias/i
mages/4.png>]

! LaTeX Error: \begin{center} on input line 27 ended by \end{document}.

See the LaTeX manual or LaTeX Companion for explanation.
Type  H <return>  for immediate help.
 ...                                              
                                                  
l.103 \end{document}
                    
? 
(InformeLaboratorio04.aux
LaTeX Info: Redefining \. on input line 8.
LaTeX Info: Redefining \% on input line 8.
 (sections/Task01.aux)) )
(\end occurred inside a group at level 2)

### semi simple group (level 2) entered at line 27 (\begingroup)
### semi simple group (level 1) entered at line 2 (\begingroup)
### bottom level 
Here is how much of TeX's memory you used:
 3840 strings out of 480790
 56536 string characters out of 2892577
 315497 words of memory out of 3000000
 19790 multiletter control sequences out of 15000+200000
 536959 words of font info for 40 fonts, out of 3000000 for 9000
 1141 hyphenation exceptions out of 8191
 30i,5n,35p,331b,416s stack positions out of 5000i,500n,10000p,200000b,50000s
<C:/Users/Virginia Aquino/AppData/Local/Programs/MiKTeX/fonts/t
ype1/public/amsfonts/cm/cmbx12.pfb><C:/Users/Virginia Aquino/AppData/Local/Prog
rams/MiKTeX/fonts/type1/public/amsfonts/cm/cmr12.pfb><C:/Users/Virginia Aquino/
AppData/Local/Programs/MiKTeX/fonts/type1/public/amsfonts/cm/cmsy10.pfb>
Output written on InformeLaboratorio04.pdf (5 pages, 160172 bytes).
PDF statistics:
 42 PDF objects out of 1000 (max. 8388607)
 0 named destinations out of 1000 (max. 500000)
 31 words of extra memory for PDF output out of 10000 (max. 10000000)

